\BOOKMARK [1][]{section.2}{Introduction}{}% 1
\BOOKMARK [1][]{section.3}{Related work}{}% 2
\BOOKMARK [2][]{subsection.4}{Structure of Narrative Data Visualization}{section.3}% 3
\BOOKMARK [2][]{subsection.5}{Animation for data visualization}{section.3}% 4
\BOOKMARK [2][]{subsection.6}{Authoring tools for narrative visualization}{section.3}% 5
\BOOKMARK [2][]{subsection.7}{Decompose a data visualization}{section.3}% 6
\BOOKMARK [1][]{section.8}{Introducing a data visualization}{}% 7
\BOOKMARK [2][]{subsection.9}{Compositions of a Visualization}{section.8}% 8
\BOOKMARK [2][]{subsection.19}{Relationship between compositions}{section.8}% 9
\BOOKMARK [3][-]{subsubsection.20}{Relationships between Visual Units}{subsection.19}% 10
\BOOKMARK [3][-]{subsubsection.21}{Correlations between visual primitives}{subsection.19}% 11
\BOOKMARK [3][-]{subsubsection.23}{Correlations Between Visual Channels}{subsection.19}% 12
\BOOKMARK [2][]{subsection.24}{Design considerations of narrative sequence}{section.8}% 13
\BOOKMARK [3][-]{subsubsection.25}{Narrative Sequence for Visual Channels}{subsection.24}% 14
\BOOKMARK [3][-]{subsubsection.26}{Narrative Sequence for Visual Primitives}{subsection.24}% 15
\BOOKMARK [3][-]{subsubsection.27}{Narrative Sequence for Visual Units}{subsection.24}% 16
\BOOKMARK [3][-]{subsubsection.28}{Non-linear Sequence}{subsection.24}% 17
\BOOKMARK [2][]{subsection.29}{Attention Orientation}{section.8}% 18
\BOOKMARK [3][-]{subsubsection.30}{Visual distraction from the context}{subsection.29}% 19
\BOOKMARK [3][-]{subsubsection.31}{Visual distraction from sibling channels}{subsection.29}% 20
\BOOKMARK [1][]{section.33}{Design Considerations}{}% 21
\BOOKMARK [2][]{subsection.34}{User Perspectives and Methods}{section.33}% 22
\BOOKMARK [2][]{subsection.35}{Design Tasks}{section.33}% 23
\BOOKMARK [1][]{section.38}{Narvis: System Design and Implementation}{}% 24
\BOOKMARK [2][]{subsection.40}{Phase1: Auto Analysis}{section.38}% 25
\BOOKMARK [3][-]{subsubsection.41}{Analysis of input image}{subsection.40}% 26
\BOOKMARK [3][-]{subsubsection.42}{Analysis of input textual description}{subsection.40}% 27
\BOOKMARK [2][]{subsection.43}{Phase2: Manual Editing}{section.38}% 28
\BOOKMARK [3][-]{subsubsection.44}{Visual Unit Identification}{subsection.43}% 29
\BOOKMARK [3][-]{subsubsection.45}{Visual Unit Organization}{subsection.43}% 30
\BOOKMARK [3][-]{subsubsection.46}{Template Modification}{subsection.43}% 31
\BOOKMARK [3][-]{subsubsection.47}{A library of templates}{subsection.43}% 32
\BOOKMARK [2][]{subsection.49}{Phase3: Viewing}{section.38}% 33
\BOOKMARK [3][-]{subsubsection.50}{The interface for audience}{subsection.49}% 34
\BOOKMARK [3][-]{subsubsection.51}{Generated Report}{subsection.49}% 35
\BOOKMARK [2][]{subsection.52}{A working scenario}{section.38}% 36
\BOOKMARK [1][]{section.53}{Evaluation}{}% 37
\BOOKMARK [2][]{subsection.54}{Participants}{section.53}% 38
\BOOKMARK [2][]{subsection.55}{Material}{section.53}% 39
\BOOKMARK [2][]{subsection.56}{Procedure}{section.53}% 40
\BOOKMARK [3][-]{subsubsection.57}{Producing}{subsection.56}% 41
\BOOKMARK [3][-]{subsubsection.58}{Reviewing and feedback}{subsection.56}% 42
\BOOKMARK [2][]{subsection.59}{Results}{section.53}% 43
\BOOKMARK [3][-]{subsubsection.60}{}{subsection.59}% 44
\BOOKMARK [3][-]{subsubsection.61}{}{subsection.59}% 45
\BOOKMARK [3][-]{subsubsection.62}{Generated slideshow}{subsection.59}% 46
\BOOKMARK [3][-]{subsubsection.63}{Authoring experience}{subsection.59}% 47
\BOOKMARK [1][]{section.64}{Limitation and Discussion}{}% 48
\BOOKMARK [1][]{section.65}{Conclusion and Future Work}{}% 49
