\BOOKMARK [1][]{section.2}{Introduction}{}% 1
\BOOKMARK [1][]{section.3}{Related work}{}% 2
\BOOKMARK [2][]{subsection.4}{Structure of Narrative Data Visualization}{section.3}% 3
\BOOKMARK [2][]{subsection.5}{Animation for data visualization}{section.3}% 4
\BOOKMARK [2][]{subsection.6}{Authoring tools for narrative visualization}{section.3}% 5
\BOOKMARK [2][]{subsection.7}{Decompose a data visualization}{section.3}% 6
\BOOKMARK [1][]{section.8}{Analysis of a visualization}{}% 7
\BOOKMARK [2][]{subsection.10}{Compositions of a visualization}{section.8}% 8
\BOOKMARK [3][-]{subsubsection.11}{Hierarchical structure}{subsection.10}% 9
\BOOKMARK [3][-]{subsubsection.20}{Relationships between visual units}{subsection.10}% 10
\BOOKMARK [3][-]{subsubsection.21}{Correlations between visual primitives}{subsection.10}% 11
\BOOKMARK [3][-]{subsubsection.23}{Correlations between visual channels}{subsection.10}% 12
\BOOKMARK [2][]{subsection.24}{Analysis of existing visual distraction}{section.8}% 13
\BOOKMARK [2][]{subsection.25}{Design considerations of narrative sequence}{section.8}% 14
\BOOKMARK [1][]{section.26}{Narvis: System Design and Implementation}{}% 15
\BOOKMARK [2][]{subsection.27}{An overview}{section.26}% 16
\BOOKMARK [2][]{subsection.29}{Design consideration}{section.26}% 17
\BOOKMARK [2][]{subsection.32}{Phase1: Auto Analysis}{section.26}% 18
\BOOKMARK [3][-]{subsubsection.33}{Analysis of input image}{subsection.32}% 19
\BOOKMARK [3][-]{subsubsection.34}{Analysis of input textual description}{subsection.32}% 20
\BOOKMARK [2][]{subsection.35}{Phase2: Human Editing}{section.26}% 21
\BOOKMARK [3][-]{subsubsection.36}{The interface for editing}{subsection.35}% 22
\BOOKMARK [3][-]{subsubsection.37}{A library of templates}{subsection.35}% 23
\BOOKMARK [2][]{subsection.39}{Phase3: Viewing}{section.26}% 24
\BOOKMARK [3][-]{subsubsection.40}{The interface for audience}{subsection.39}% 25
\BOOKMARK [3][-]{subsubsection.41}{Generated Report}{subsection.39}% 26
\BOOKMARK [2][]{subsection.42}{A working scenario}{section.26}% 27
\BOOKMARK [1][]{section.43}{Evaluation}{}% 28
\BOOKMARK [2][]{subsection.44}{Participants}{section.43}% 29
\BOOKMARK [2][]{subsection.45}{Material}{section.43}% 30
\BOOKMARK [2][]{subsection.46}{Procedure}{section.43}% 31
\BOOKMARK [3][-]{subsubsection.47}{Producing}{subsection.46}% 32
\BOOKMARK [3][-]{subsubsection.48}{Reviewing and feedback}{subsection.46}% 33
\BOOKMARK [2][]{subsection.49}{Results}{section.43}% 34
\BOOKMARK [3][-]{subsubsection.50}{}{subsection.49}% 35
\BOOKMARK [3][-]{subsubsection.51}{}{subsection.49}% 36
\BOOKMARK [3][-]{subsubsection.52}{Generated slideshow}{subsection.49}% 37
\BOOKMARK [3][-]{subsubsection.53}{Authoring experience}{subsection.49}% 38
\BOOKMARK [1][]{section.54}{Limitation and Discussion}{}% 39
\BOOKMARK [1][]{section.55}{Conclusion and Future Work}{}% 40
